[2022-11-29T17:32:43.699+0000] {taskinstance.py:1165} INFO - Dependencies all met for <TaskInstance: hashtag_generator.create_table_postgres manual__2022-11-29T17:32:42.983392+00:00 [queued]>
[2022-11-29T17:32:43.707+0000] {taskinstance.py:1165} INFO - Dependencies all met for <TaskInstance: hashtag_generator.create_table_postgres manual__2022-11-29T17:32:42.983392+00:00 [queued]>
[2022-11-29T17:32:43.707+0000] {taskinstance.py:1362} INFO - 
--------------------------------------------------------------------------------
[2022-11-29T17:32:43.708+0000] {taskinstance.py:1363} INFO - Starting attempt 1 of 1
[2022-11-29T17:32:43.708+0000] {taskinstance.py:1364} INFO - 
--------------------------------------------------------------------------------
[2022-11-29T17:32:43.725+0000] {taskinstance.py:1383} INFO - Executing <Task(PostgresOperator): create_table_postgres> on 2022-11-29 17:32:42.983392+00:00
[2022-11-29T17:32:43.730+0000] {standard_task_runner.py:55} INFO - Started process 1823 to run task
[2022-11-29T17:32:43.733+0000] {standard_task_runner.py:82} INFO - Running: ['***', 'tasks', 'run', 'hashtag_generator', 'create_table_postgres', 'manual__2022-11-29T17:32:42.983392+00:00', '--job-id', '12', '--raw', '--subdir', 'DAGS_FOLDER/hashtag_generator.py', '--cfg-path', '/tmp/tmpk9oxfxc_']
[2022-11-29T17:32:43.734+0000] {standard_task_runner.py:83} INFO - Job 12: Subtask create_table_postgres
[2022-11-29T17:32:43.788+0000] {task_command.py:376} INFO - Running <TaskInstance: hashtag_generator.create_table_postgres manual__2022-11-29T17:32:42.983392+00:00 [running]> on host 1f1c6b02f2ce
[2022-11-29T17:32:43.850+0000] {taskinstance.py:1592} INFO - Exporting the following env vars:
AIRFLOW_CTX_DAG_OWNER=***
AIRFLOW_CTX_DAG_ID=hashtag_generator
AIRFLOW_CTX_TASK_ID=create_table_postgres
AIRFLOW_CTX_EXECUTION_DATE=2022-11-29T17:32:42.983392+00:00
AIRFLOW_CTX_TRY_NUMBER=1
AIRFLOW_CTX_DAG_RUN_ID=manual__2022-11-29T17:32:42.983392+00:00
[2022-11-29T17:32:43.858+0000] {base.py:71} INFO - Using connection ID 'postgres' for task execution.
[2022-11-29T17:32:43.861+0000] {sql.py:315} INFO - Running statement: drop table if exists hashtags;
create table hashtags(
string varchar(100)
);, parameters: None
[2022-11-29T17:32:43.870+0000] {taskinstance.py:1406} INFO - Marking task as SUCCESS. dag_id=hashtag_generator, task_id=create_table_postgres, execution_date=20221129T173242, start_date=20221129T173243, end_date=20221129T173243
[2022-11-29T17:32:43.904+0000] {local_task_job.py:159} INFO - Task exited with return code 0
[2022-11-29T17:32:43.922+0000] {taskinstance.py:2623} INFO - 0 downstream tasks scheduled from follow-on schedule check
