[2022-11-29T17:30:56.019+0000] {taskinstance.py:1165} INFO - Dependencies all met for <TaskInstance: hashtag_generator.insert_data_postgres manual__2022-11-29T17:30:55+00:00 [queued]>
[2022-11-29T17:30:56.026+0000] {taskinstance.py:1165} INFO - Dependencies all met for <TaskInstance: hashtag_generator.insert_data_postgres manual__2022-11-29T17:30:55+00:00 [queued]>
[2022-11-29T17:30:56.026+0000] {taskinstance.py:1362} INFO - 
--------------------------------------------------------------------------------
[2022-11-29T17:30:56.026+0000] {taskinstance.py:1363} INFO - Starting attempt 1 of 1
[2022-11-29T17:30:56.026+0000] {taskinstance.py:1364} INFO - 
--------------------------------------------------------------------------------
[2022-11-29T17:30:56.035+0000] {taskinstance.py:1383} INFO - Executing <Task(PostgresOperator): insert_data_postgres> on 2022-11-29 17:30:55+00:00
[2022-11-29T17:30:56.039+0000] {standard_task_runner.py:55} INFO - Started process 1723 to run task
[2022-11-29T17:30:56.042+0000] {standard_task_runner.py:82} INFO - Running: ['***', 'tasks', 'run', 'hashtag_generator', 'insert_data_postgres', 'manual__2022-11-29T17:30:55+00:00', '--job-id', '10', '--raw', '--subdir', 'DAGS_FOLDER/hashtag_generator.py', '--cfg-path', '/tmp/tmpck9aqz_q']
[2022-11-29T17:30:56.042+0000] {standard_task_runner.py:83} INFO - Job 10: Subtask insert_data_postgres
[2022-11-29T17:30:56.082+0000] {task_command.py:376} INFO - Running <TaskInstance: hashtag_generator.insert_data_postgres manual__2022-11-29T17:30:55+00:00 [running]> on host 1f1c6b02f2ce
[2022-11-29T17:30:56.128+0000] {taskinstance.py:1592} INFO - Exporting the following env vars:
AIRFLOW_CTX_DAG_OWNER=***
AIRFLOW_CTX_DAG_ID=hashtag_generator
AIRFLOW_CTX_TASK_ID=insert_data_postgres
AIRFLOW_CTX_EXECUTION_DATE=2022-11-29T17:30:55+00:00
AIRFLOW_CTX_TRY_NUMBER=1
AIRFLOW_CTX_DAG_RUN_ID=manual__2022-11-29T17:30:55+00:00
[2022-11-29T17:30:56.134+0000] {base.py:71} INFO - Using connection ID 'postgres' for task execution.
[2022-11-29T17:30:56.137+0000] {sql.py:315} INFO - Running statement: insert into hashtags(string)
values
	('test1'), ('test2'), ('Hello'),(' Hello there thanks for trying my Kata'),('  Hello     World   ' );, parameters: None
[2022-11-29T17:30:56.138+0000] {sql.py:324} INFO - Rows affected: 5
[2022-11-29T17:30:56.146+0000] {taskinstance.py:1406} INFO - Marking task as SUCCESS. dag_id=hashtag_generator, task_id=insert_data_postgres, execution_date=20221129T173055, start_date=20221129T173056, end_date=20221129T173056
[2022-11-29T17:30:56.173+0000] {local_task_job.py:159} INFO - Task exited with return code 0
[2022-11-29T17:30:56.184+0000] {taskinstance.py:2623} INFO - 0 downstream tasks scheduled from follow-on schedule check
