[2022-11-29T18:55:20.380+0000] {taskinstance.py:1165} INFO - Dependencies all met for <TaskInstance: hashtag_generator.insert_data_postgres manual__2022-11-29T18:55:19+00:00 [queued]>
[2022-11-29T18:55:20.389+0000] {taskinstance.py:1165} INFO - Dependencies all met for <TaskInstance: hashtag_generator.insert_data_postgres manual__2022-11-29T18:55:19+00:00 [queued]>
[2022-11-29T18:55:20.389+0000] {taskinstance.py:1362} INFO - 
--------------------------------------------------------------------------------
[2022-11-29T18:55:20.389+0000] {taskinstance.py:1363} INFO - Starting attempt 1 of 1
[2022-11-29T18:55:20.389+0000] {taskinstance.py:1364} INFO - 
--------------------------------------------------------------------------------
[2022-11-29T18:55:20.400+0000] {taskinstance.py:1383} INFO - Executing <Task(PostgresOperator): insert_data_postgres> on 2022-11-29 18:55:19+00:00
[2022-11-29T18:55:20.404+0000] {standard_task_runner.py:55} INFO - Started process 5679 to run task
[2022-11-29T18:55:20.407+0000] {standard_task_runner.py:82} INFO - Running: ['***', 'tasks', 'run', 'hashtag_generator', 'insert_data_postgres', 'manual__2022-11-29T18:55:19+00:00', '--job-id', '29', '--raw', '--subdir', 'DAGS_FOLDER/hashtag_generator.py', '--cfg-path', '/tmp/tmp8ixcu26y']
[2022-11-29T18:55:20.407+0000] {standard_task_runner.py:83} INFO - Job 29: Subtask insert_data_postgres
[2022-11-29T18:55:20.460+0000] {task_command.py:376} INFO - Running <TaskInstance: hashtag_generator.insert_data_postgres manual__2022-11-29T18:55:19+00:00 [running]> on host 1f1c6b02f2ce
[2022-11-29T18:55:20.512+0000] {taskinstance.py:1592} INFO - Exporting the following env vars:
AIRFLOW_CTX_DAG_OWNER=***
AIRFLOW_CTX_DAG_ID=hashtag_generator
AIRFLOW_CTX_TASK_ID=insert_data_postgres
AIRFLOW_CTX_EXECUTION_DATE=2022-11-29T18:55:19+00:00
AIRFLOW_CTX_TRY_NUMBER=1
AIRFLOW_CTX_DAG_RUN_ID=manual__2022-11-29T18:55:19+00:00
[2022-11-29T18:55:20.521+0000] {base.py:71} INFO - Using connection ID 'postgres' for task execution.
[2022-11-29T18:55:20.524+0000] {sql.py:315} INFO - Running statement: insert into hashtags(string)
values
	('test1'), ('test2'), ('Hello'),(' Hello there thanks for trying my Kata'),('  Hello     World   ' );, parameters: None
[2022-11-29T18:55:20.525+0000] {sql.py:324} INFO - Rows affected: 5
[2022-11-29T18:55:20.533+0000] {taskinstance.py:1406} INFO - Marking task as SUCCESS. dag_id=hashtag_generator, task_id=insert_data_postgres, execution_date=20221129T185519, start_date=20221129T185520, end_date=20221129T185520
[2022-11-29T18:55:20.578+0000] {local_task_job.py:159} INFO - Task exited with return code 0
[2022-11-29T18:55:20.598+0000] {taskinstance.py:2623} INFO - 1 downstream tasks scheduled from follow-on schedule check
