[2022-11-29T18:54:00.891+0000] {taskinstance.py:1165} INFO - Dependencies all met for <TaskInstance: hashtag_generator.insert_data_postgres manual__2022-11-29T18:53:59+00:00 [queued]>
[2022-11-29T18:54:00.897+0000] {taskinstance.py:1165} INFO - Dependencies all met for <TaskInstance: hashtag_generator.insert_data_postgres manual__2022-11-29T18:53:59+00:00 [queued]>
[2022-11-29T18:54:00.898+0000] {taskinstance.py:1362} INFO - 
--------------------------------------------------------------------------------
[2022-11-29T18:54:00.898+0000] {taskinstance.py:1363} INFO - Starting attempt 1 of 1
[2022-11-29T18:54:00.898+0000] {taskinstance.py:1364} INFO - 
--------------------------------------------------------------------------------
[2022-11-29T18:54:00.907+0000] {taskinstance.py:1383} INFO - Executing <Task(PostgresOperator): insert_data_postgres> on 2022-11-29 18:53:59+00:00
[2022-11-29T18:54:00.911+0000] {standard_task_runner.py:55} INFO - Started process 5586 to run task
[2022-11-29T18:54:00.914+0000] {standard_task_runner.py:82} INFO - Running: ['***', 'tasks', 'run', 'hashtag_generator', 'insert_data_postgres', 'manual__2022-11-29T18:53:59+00:00', '--job-id', '26', '--raw', '--subdir', 'DAGS_FOLDER/hashtag_generator.py', '--cfg-path', '/tmp/tmp7oav8p3w']
[2022-11-29T18:54:00.914+0000] {standard_task_runner.py:83} INFO - Job 26: Subtask insert_data_postgres
[2022-11-29T18:54:00.951+0000] {task_command.py:376} INFO - Running <TaskInstance: hashtag_generator.insert_data_postgres manual__2022-11-29T18:53:59+00:00 [running]> on host 1f1c6b02f2ce
[2022-11-29T18:54:00.996+0000] {taskinstance.py:1592} INFO - Exporting the following env vars:
AIRFLOW_CTX_DAG_OWNER=***
AIRFLOW_CTX_DAG_ID=hashtag_generator
AIRFLOW_CTX_TASK_ID=insert_data_postgres
AIRFLOW_CTX_EXECUTION_DATE=2022-11-29T18:53:59+00:00
AIRFLOW_CTX_TRY_NUMBER=1
AIRFLOW_CTX_DAG_RUN_ID=manual__2022-11-29T18:53:59+00:00
[2022-11-29T18:54:01.003+0000] {base.py:71} INFO - Using connection ID 'postgres' for task execution.
[2022-11-29T18:54:01.006+0000] {sql.py:315} INFO - Running statement: insert into hashtags(string)
values
	('test1'), ('test2'), ('Hello'),(' Hello there thanks for trying my Kata'),('  Hello     World   ' );, parameters: None
[2022-11-29T18:54:01.007+0000] {sql.py:324} INFO - Rows affected: 5
[2022-11-29T18:54:01.014+0000] {taskinstance.py:1406} INFO - Marking task as SUCCESS. dag_id=hashtag_generator, task_id=insert_data_postgres, execution_date=20221129T185359, start_date=20221129T185400, end_date=20221129T185401
[2022-11-29T18:54:01.045+0000] {local_task_job.py:159} INFO - Task exited with return code 0
[2022-11-29T18:54:01.062+0000] {taskinstance.py:2623} INFO - 1 downstream tasks scheduled from follow-on schedule check
